<?xml version="1.0" encoding="UTF-8"?>
<!-- Generated by org.testng.reporters.JUnitReportReporter -->
<testsuite skipped="2" hostname="MUNTASIR-BOCTC10" name="com.TestNG.TestNGDemo" tests="6" failures="0" timestamp="2020-12-11T20:11:02 BDT" time="0.041" errors="0">
  <testcase name="Login2" time="0.010" classname="com.TestNG.TestNGDemo"/>
  <system-out/>
  <testcase name="Login1" time="0.016" classname="com.TestNG.TestNGDemo"/>
  <system-out/>
  <testcase name="Login2" time="0.003" classname="com.TestNG.TestNGDemo"/>
  <system-out/>
  <testcase name="Login1" time="0.012" classname="com.TestNG.TestNGDemo"/>
  <system-out/>
  <testcase name="Login3" classname="com.TestNG.TestNGDemo">
    <skipped/>
  </testcase> <!-- Login3 -->
  <system-out/>
  <testcase name="Login3" classname="com.TestNG.TestNGDemo">
    <skipped/>
  </testcase> <!-- Login3 -->
  <system-out/>
</testsuite> <!-- com.TestNG.TestNGDemo -->
