<?xml version="1.0" encoding="UTF-8"?>
<!-- Generated by org.testng.reporters.JUnitReportReporter -->
<testsuite skipped="0" hostname="MUNTASIR-BOCTC10" name="com.TestNG.DataProviderTest" tests="4" failures="0" timestamp="2020-12-12T20:51:28 BDT" time="65.251" errors="0">
  <testcase name="demo" time="11.526" classname="com.TestNG.DataProviderTest"/>
  <system-out/>
  <testcase name="LoginTest" time="19.101" classname="com.TestNG.DataProviderTest"/>
  <system-out/>
  <testcase name="LoginTest" time="17.190" classname="com.TestNG.DataProviderTest"/>
  <system-out/>
  <testcase name="LoginTest" time="17.434" classname="com.TestNG.DataProviderTest"/>
  <system-out/>
</testsuite> <!-- com.TestNG.DataProviderTest -->
