<?xml version="1.0" encoding="UTF-8"?>
<!-- Generated by org.testng.reporters.JUnitReportReporter -->
<testsuite skipped="1" hostname="MUNTASIR-BOCTC10" name="com.TestNG.TestNGDemo2" tests="3" failures="0" timestamp="2020-12-11T20:13:10 BDT" time="0.042" errors="0">
  <testcase name="Login4" time="0.014" classname="com.TestNG.TestNGDemo2"/>
  <system-out/>
  <testcase name="Login5" time="0.028" classname="com.TestNG.TestNGDemo2"/>
  <system-out/>
  <testcase name="Login6" classname="com.TestNG.TestNGDemo2">
    <skipped/>
  </testcase> <!-- Login6 -->
  <system-out/>
</testsuite> <!-- com.TestNG.TestNGDemo2 -->
