<?xml version="1.0" encoding="UTF-8"?>
<!-- Generated by org.testng.reporters.JUnitReportReporter -->
<testsuite skipped="0" hostname="MUNTASIR-BOCTC10" name="com.TestNG.LoginTestNG" tests="2" failures="0" timestamp="2020-12-11T20:25:45 BDT" time="2.612" errors="0">
  <testcase name="Login_test" time="2.562" classname="com.TestNG.LoginTestNG"/>
  <system-out/>
  <testcase name="Title_verification" time="0.050" classname="com.TestNG.LoginTestNG"/>
  <system-out/>
</testsuite> <!-- com.TestNG.LoginTestNG -->
