<?xml version="1.0" encoding="UTF-8"?>
<!-- Generated by org.testng.reporters.JUnitReportReporter -->
<testsuite skipped="0" hostname="MUNTASIR-BOCTC10" name="com.Basic.PageScreenshot" tests="1" failures="0" timestamp="2020-12-11T20:43:26 BDT" time="0.470" errors="0">
  <testcase name="Screenshot" time="0.470" classname="com.Basic.PageScreenshot"/>
  <system-out/>
</testsuite> <!-- com.Basic.PageScreenshot -->
